2025-04-27 19:32:41.948[1745757161948] | INFO  | background-preinit | o.h.validator.internal.util.Version  - HV000001: Hibernate Validator 8.0.2.Final
2025-04-27 19:32:41.978[1745757161978] | INFO  | main       | org.exchange.InputApplication        - Starting InputApplication using Java 24.0.1 with PID 13880 (/Users/m1pro/IdeaProjects/binary-option/input/target/input-0.0.1-SNAPSHOT.jar started by m1pro in /Users/m1pro/IdeaProjects/binary-option)
2025-04-27 19:32:41.979[1745757161979] | INFO  | main       | org.exchange.InputApplication        - No active profile set, falling back to 1 default profile: "default"
2025-04-27 19:32:42.694[1745757162694] | INFO  | main       | o.s.d.r.c.RepositoryConfigurationDelegate - Multiple Spring Data modules found, entering strict repository configuration mode
2025-04-27 19:32:42.696[1745757162696] | INFO  | main       | o.s.d.r.c.RepositoryConfigurationDelegate - Bootstrapping Spring Data Redis repositories in DEFAULT mode.
2025-04-27 19:32:42.710[1745757162710] | INFO  | main       | o.s.d.r.c.RepositoryConfigurationDelegate - Finished Spring Data repository scanning in 4 ms. Found 0 Redis repository interfaces.
2025-04-27 19:32:42.772[1745757162772] | INFO  | main       | o.s.i.c.DefaultConfiguringBeanFactoryPostProcessor - No bean named 'errorChannel' has been explicitly defined. Therefore, a default PublishSubscribeChannel will be created.
2025-04-27 19:32:42.779[1745757162779] | INFO  | main       | o.s.i.c.DefaultConfiguringBeanFactoryPostProcessor - No bean named 'integrationHeaderChannelRegistry' has been explicitly defined. Therefore, a default DefaultHeaderChannelRegistry will be created.
2025-04-27 19:32:43.296[1745757163296] | INFO  | main       | o.s.b.w.e.tomcat.TomcatWebServer     - Tomcat initialized with port 10001 (http)
2025-04-27 19:32:43.305[1745757163305] | INFO  | main       | o.a.coyote.http11.Http11NioProtocol  - Initializing ProtocolHandler ["http-nio-10001"]
2025-04-27 19:32:43.305[1745757163305] | INFO  | main       | o.a.catalina.core.StandardService    - Starting service [Tomcat]
2025-04-27 19:32:43.305[1745757163305] | INFO  | main       | o.a.catalina.core.StandardEngine     - Starting Servlet engine: [Apache Tomcat/10.1.40]
2025-04-27 19:32:43.324[1745757163324] | INFO  | main       | o.a.c.c.C.[Tomcat].[localhost].[/]   - Initializing Spring embedded WebApplicationContext
2025-04-27 19:32:43.324[1745757163324] | INFO  | main       | o.s.b.w.s.c.ServletWebServerApplicationContext - Root WebApplicationContext: initialization completed in 1319 ms
2025-04-27 19:32:44.023[1745757164023] | WARN  | main       | o.s.b.w.s.c.AnnotationConfigServletWebServerApplicationContext - Exception encountered during context initialization - cancelling refresh attempt: org.springframework.beans.factory.BeanCreationException: Error creating bean with name 'mqttConf': Injection of autowired dependencies failed
2025-04-27 19:32:44.028[1745757164028] | INFO  | main       | o.a.catalina.core.StandardService    - Stopping service [Tomcat]
2025-04-27 19:32:44.047[1745757164047] | INFO  | main       | o.s.b.a.l.ConditionEvaluationReportLogger - 

Error starting ApplicationContext. To display the condition evaluation report re-run your application with 'debug' enabled.
2025-04-27 19:32:44.060[1745757164060] | ERROR | main       | o.s.boot.SpringApplication           - Application run failed
org.springframework.beans.factory.BeanCreationException: Error creating bean with name 'mqttConf': Injection of autowired dependencies failed
	at org.springframework.beans.factory.annotation.AutowiredAnnotationBeanPostProcessor.postProcessProperties(AutowiredAnnotationBeanPostProcessor.java:515)
	at org.springframework.beans.factory.support.AbstractAutowireCapableBeanFactory.populateBean(AbstractAutowireCapableBeanFactory.java:1451)
	at org.springframework.beans.factory.support.AbstractAutowireCapableBeanFactory.doCreateBean(AbstractAutowireCapableBeanFactory.java:606)
	at org.springframework.beans.factory.support.AbstractAutowireCapableBeanFactory.createBean(AbstractAutowireCapableBeanFactory.java:529)
	at org.springframework.beans.factory.support.AbstractBeanFactory.lambda$doGetBean$0(AbstractBeanFactory.java:339)
	at org.springframework.beans.factory.support.DefaultSingletonBeanRegistry.getSingleton(DefaultSingletonBeanRegistry.java:371)
	at org.springframework.beans.factory.support.AbstractBeanFactory.doGetBean(AbstractBeanFactory.java:337)
	at org.springframework.beans.factory.support.AbstractBeanFactory.getBean(AbstractBeanFactory.java:202)
	at org.springframework.beans.factory.support.DefaultListableBeanFactory.instantiateSingleton(DefaultListableBeanFactory.java:1221)
	at org.springframework.beans.factory.support.DefaultListableBeanFactory.preInstantiateSingleton(DefaultListableBeanFactory.java:1187)
	at org.springframework.beans.factory.support.DefaultListableBeanFactory.preInstantiateSingletons(DefaultListableBeanFactory.java:1122)
	at org.springframework.context.support.AbstractApplicationContext.finishBeanFactoryInitialization(AbstractApplicationContext.java:987)
	at org.springframework.context.support.AbstractApplicationContext.refresh(AbstractApplicationContext.java:627)
	at org.springframework.boot.web.servlet.context.ServletWebServerApplicationContext.refresh(ServletWebServerApplicationContext.java:146)
	at org.springframework.boot.SpringApplication.refresh(SpringApplication.java:753)
	at org.springframework.boot.SpringApplication.refreshContext(SpringApplication.java:439)
	at org.springframework.boot.SpringApplication.run(SpringApplication.java:318)
	at org.springframework.boot.SpringApplication.run(SpringApplication.java:1362)
	at org.springframework.boot.SpringApplication.run(SpringApplication.java:1351)
	at org.exchange.InputApplication.main(InputApplication.java:15)
	at java.base/jdk.internal.reflect.DirectMethodHandleAccessor.invoke(DirectMethodHandleAccessor.java:104)
	at java.base/java.lang.reflect.Method.invoke(Method.java:565)
	at org.springframework.boot.loader.launch.Launcher.launch(Launcher.java:102)
	at org.springframework.boot.loader.launch.Launcher.launch(Launcher.java:64)
	at org.springframework.boot.loader.launch.JarLauncher.main(JarLauncher.java:40)
Caused by: org.springframework.util.PlaceholderResolutionException: Could not resolve placeholder 'mqtt.host' in value "${mqtt.host}"
	at org.springframework.util.PlaceholderResolutionException.withValue(PlaceholderResolutionException.java:81)
	at org.springframework.util.PlaceholderParser$ParsedValue.resolve(PlaceholderParser.java:423)
	at org.springframework.util.PlaceholderParser.replacePlaceholders(PlaceholderParser.java:128)
	at org.springframework.util.PropertyPlaceholderHelper.parseStringValue(PropertyPlaceholderHelper.java:118)
	at org.springframework.util.PropertyPlaceholderHelper.replacePlaceholders(PropertyPlaceholderHelper.java:114)
	at org.springframework.core.env.AbstractPropertyResolver.doResolvePlaceholders(AbstractPropertyResolver.java:255)
	at org.springframework.core.env.AbstractPropertyResolver.resolveRequiredPlaceholders(AbstractPropertyResolver.java:226)
	at org.springframework.context.support.PropertySourcesPlaceholderConfigurer.lambda$processProperties$0(PropertySourcesPlaceholderConfigurer.java:201)
	at org.springframework.beans.factory.support.AbstractBeanFactory.resolveEmbeddedValue(AbstractBeanFactory.java:971)
	at org.springframework.beans.factory.support.DefaultListableBeanFactory.doResolveDependency(DefaultListableBeanFactory.java:1649)
	at org.springframework.beans.factory.support.DefaultListableBeanFactory.resolveDependency(DefaultListableBeanFactory.java:1627)
	at org.springframework.beans.factory.annotation.AutowiredAnnotationBeanPostProcessor$AutowiredFieldElement.resolveFieldValue(AutowiredAnnotationBeanPostProcessor.java:785)
	at org.springframework.beans.factory.annotation.AutowiredAnnotationBeanPostProcessor$AutowiredFieldElement.inject(AutowiredAnnotationBeanPostProcessor.java:768)
	at org.springframework.beans.factory.annotation.InjectionMetadata.inject(InjectionMetadata.java:146)
	at org.springframework.beans.factory.annotation.AutowiredAnnotationBeanPostProcessor.postProcessProperties(AutowiredAnnotationBeanPostProcessor.java:509)
	... 24 common frames omitted
2025-04-27 19:37:15.571[1745757435571] | INFO  | background-preinit | o.h.validator.internal.util.Version  - HV000001: Hibernate Validator 8.0.2.Final
2025-04-27 19:37:15.599[1745757435599] | INFO  | main       | org.exchange.InputApplication        - Starting InputApplication using Java 24.0.1 with PID 14094 (/Users/m1pro/IdeaProjects/binary-option/input/target/input-0.0.1-SNAPSHOT.jar started by m1pro in /Users/m1pro/IdeaProjects/binary-option)
2025-04-27 19:37:15.600[1745757435600] | INFO  | main       | org.exchange.InputApplication        - No active profile set, falling back to 1 default profile: "default"
2025-04-27 19:37:16.262[1745757436262] | INFO  | main       | o.s.d.r.c.RepositoryConfigurationDelegate - Multiple Spring Data modules found, entering strict repository configuration mode
2025-04-27 19:37:16.264[1745757436264] | INFO  | main       | o.s.d.r.c.RepositoryConfigurationDelegate - Bootstrapping Spring Data Redis repositories in DEFAULT mode.
2025-04-27 19:37:16.276[1745757436276] | INFO  | main       | o.s.d.r.c.RepositoryConfigurationDelegate - Finished Spring Data repository scanning in 4 ms. Found 0 Redis repository interfaces.
2025-04-27 19:37:16.335[1745757436335] | INFO  | main       | o.s.i.c.DefaultConfiguringBeanFactoryPostProcessor - No bean named 'errorChannel' has been explicitly defined. Therefore, a default PublishSubscribeChannel will be created.
2025-04-27 19:37:16.345[1745757436345] | INFO  | main       | o.s.i.c.DefaultConfiguringBeanFactoryPostProcessor - No bean named 'integrationHeaderChannelRegistry' has been explicitly defined. Therefore, a default DefaultHeaderChannelRegistry will be created.
2025-04-27 19:37:16.861[1745757436861] | INFO  | main       | o.s.b.w.e.tomcat.TomcatWebServer     - Tomcat initialized with port 10001 (http)
2025-04-27 19:37:16.870[1745757436870] | INFO  | main       | o.a.coyote.http11.Http11NioProtocol  - Initializing ProtocolHandler ["http-nio-10001"]
2025-04-27 19:37:16.871[1745757436871] | INFO  | main       | o.a.catalina.core.StandardService    - Starting service [Tomcat]
2025-04-27 19:37:16.871[1745757436871] | INFO  | main       | o.a.catalina.core.StandardEngine     - Starting Servlet engine: [Apache Tomcat/10.1.40]
2025-04-27 19:37:16.895[1745757436895] | INFO  | main       | o.a.c.c.C.[Tomcat].[localhost].[/]   - Initializing Spring embedded WebApplicationContext
2025-04-27 19:37:16.896[1745757436896] | INFO  | main       | o.s.b.w.s.c.ServletWebServerApplicationContext - Root WebApplicationContext: initialization completed in 1266 ms
2025-04-27 19:37:17.524[1745757437524] | WARN  | main       | o.s.b.w.s.c.AnnotationConfigServletWebServerApplicationContext - Exception encountered during context initialization - cancelling refresh attempt: org.springframework.beans.factory.BeanCreationException: Error creating bean with name 'mqttConf': Injection of autowired dependencies failed
2025-04-27 19:37:17.526[1745757437526] | INFO  | main       | o.a.catalina.core.StandardService    - Stopping service [Tomcat]
2025-04-27 19:37:17.547[1745757437547] | INFO  | main       | o.s.b.a.l.ConditionEvaluationReportLogger - 

Error starting ApplicationContext. To display the condition evaluation report re-run your application with 'debug' enabled.
2025-04-27 19:37:17.560[1745757437560] | ERROR | main       | o.s.boot.SpringApplication           - Application run failed
org.springframework.beans.factory.BeanCreationException: Error creating bean with name 'mqttConf': Injection of autowired dependencies failed
	at org.springframework.beans.factory.annotation.AutowiredAnnotationBeanPostProcessor.postProcessProperties(AutowiredAnnotationBeanPostProcessor.java:515)
	at org.springframework.beans.factory.support.AbstractAutowireCapableBeanFactory.populateBean(AbstractAutowireCapableBeanFactory.java:1451)
	at org.springframework.beans.factory.support.AbstractAutowireCapableBeanFactory.doCreateBean(AbstractAutowireCapableBeanFactory.java:606)
	at org.springframework.beans.factory.support.AbstractAutowireCapableBeanFactory.createBean(AbstractAutowireCapableBeanFactory.java:529)
	at org.springframework.beans.factory.support.AbstractBeanFactory.lambda$doGetBean$0(AbstractBeanFactory.java:339)
	at org.springframework.beans.factory.support.DefaultSingletonBeanRegistry.getSingleton(DefaultSingletonBeanRegistry.java:371)
	at org.springframework.beans.factory.support.AbstractBeanFactory.doGetBean(AbstractBeanFactory.java:337)
	at org.springframework.beans.factory.support.AbstractBeanFactory.getBean(AbstractBeanFactory.java:202)
	at org.springframework.beans.factory.support.DefaultListableBeanFactory.instantiateSingleton(DefaultListableBeanFactory.java:1221)
	at org.springframework.beans.factory.support.DefaultListableBeanFactory.preInstantiateSingleton(DefaultListableBeanFactory.java:1187)
	at org.springframework.beans.factory.support.DefaultListableBeanFactory.preInstantiateSingletons(DefaultListableBeanFactory.java:1122)
	at org.springframework.context.support.AbstractApplicationContext.finishBeanFactoryInitialization(AbstractApplicationContext.java:987)
	at org.springframework.context.support.AbstractApplicationContext.refresh(AbstractApplicationContext.java:627)
	at org.springframework.boot.web.servlet.context.ServletWebServerApplicationContext.refresh(ServletWebServerApplicationContext.java:146)
	at org.springframework.boot.SpringApplication.refresh(SpringApplication.java:753)
	at org.springframework.boot.SpringApplication.refreshContext(SpringApplication.java:439)
	at org.springframework.boot.SpringApplication.run(SpringApplication.java:318)
	at org.springframework.boot.SpringApplication.run(SpringApplication.java:1362)
	at org.springframework.boot.SpringApplication.run(SpringApplication.java:1351)
	at org.exchange.InputApplication.main(InputApplication.java:15)
	at java.base/jdk.internal.reflect.DirectMethodHandleAccessor.invoke(DirectMethodHandleAccessor.java:104)
	at java.base/java.lang.reflect.Method.invoke(Method.java:565)
	at org.springframework.boot.loader.launch.Launcher.launch(Launcher.java:102)
	at org.springframework.boot.loader.launch.Launcher.launch(Launcher.java:64)
	at org.springframework.boot.loader.launch.JarLauncher.main(JarLauncher.java:40)
Caused by: org.springframework.util.PlaceholderResolutionException: Could not resolve placeholder 'mqtt.host' in value "${mqtt.host}"
	at org.springframework.util.PlaceholderResolutionException.withValue(PlaceholderResolutionException.java:81)
	at org.springframework.util.PlaceholderParser$ParsedValue.resolve(PlaceholderParser.java:423)
	at org.springframework.util.PlaceholderParser.replacePlaceholders(PlaceholderParser.java:128)
	at org.springframework.util.PropertyPlaceholderHelper.parseStringValue(PropertyPlaceholderHelper.java:118)
	at org.springframework.util.PropertyPlaceholderHelper.replacePlaceholders(PropertyPlaceholderHelper.java:114)
	at org.springframework.core.env.AbstractPropertyResolver.doResolvePlaceholders(AbstractPropertyResolver.java:255)
	at org.springframework.core.env.AbstractPropertyResolver.resolveRequiredPlaceholders(AbstractPropertyResolver.java:226)
	at org.springframework.context.support.PropertySourcesPlaceholderConfigurer.lambda$processProperties$0(PropertySourcesPlaceholderConfigurer.java:201)
	at org.springframework.beans.factory.support.AbstractBeanFactory.resolveEmbeddedValue(AbstractBeanFactory.java:971)
	at org.springframework.beans.factory.support.DefaultListableBeanFactory.doResolveDependency(DefaultListableBeanFactory.java:1649)
	at org.springframework.beans.factory.support.DefaultListableBeanFactory.resolveDependency(DefaultListableBeanFactory.java:1627)
	at org.springframework.beans.factory.annotation.AutowiredAnnotationBeanPostProcessor$AutowiredFieldElement.resolveFieldValue(AutowiredAnnotationBeanPostProcessor.java:785)
	at org.springframework.beans.factory.annotation.AutowiredAnnotationBeanPostProcessor$AutowiredFieldElement.inject(AutowiredAnnotationBeanPostProcessor.java:768)
	at org.springframework.beans.factory.annotation.InjectionMetadata.inject(InjectionMetadata.java:146)
	at org.springframework.beans.factory.annotation.AutowiredAnnotationBeanPostProcessor.postProcessProperties(AutowiredAnnotationBeanPostProcessor.java:509)
	... 24 common frames omitted
2025-04-27 19:37:51.309[1745757471309] | INFO  | background-preinit | o.h.validator.internal.util.Version  - HV000001: Hibernate Validator 8.0.2.Final
2025-04-27 19:37:51.339[1745757471339] | INFO  | main       | org.exchange.InputApplication        - Starting InputApplication using Java 24.0.1 with PID 14134 (/Users/m1pro/IdeaProjects/binary-option/input/target/input-0.0.1-SNAPSHOT.jar started by m1pro in /Users/m1pro/IdeaProjects/binary-option)
2025-04-27 19:37:51.340[1745757471340] | INFO  | main       | org.exchange.InputApplication        - No active profile set, falling back to 1 default profile: "default"
2025-04-27 19:37:51.985[1745757471985] | INFO  | main       | o.s.d.r.c.RepositoryConfigurationDelegate - Multiple Spring Data modules found, entering strict repository configuration mode
2025-04-27 19:37:51.986[1745757471986] | INFO  | main       | o.s.d.r.c.RepositoryConfigurationDelegate - Bootstrapping Spring Data Redis repositories in DEFAULT mode.
2025-04-27 19:37:51.998[1745757471998] | INFO  | main       | o.s.d.r.c.RepositoryConfigurationDelegate - Finished Spring Data repository scanning in 4 ms. Found 0 Redis repository interfaces.
2025-04-27 19:37:52.051[1745757472051] | INFO  | main       | o.s.i.c.DefaultConfiguringBeanFactoryPostProcessor - No bean named 'errorChannel' has been explicitly defined. Therefore, a default PublishSubscribeChannel will be created.
2025-04-27 19:37:52.061[1745757472061] | INFO  | main       | o.s.i.c.DefaultConfiguringBeanFactoryPostProcessor - No bean named 'integrationHeaderChannelRegistry' has been explicitly defined. Therefore, a default DefaultHeaderChannelRegistry will be created.
2025-04-27 19:37:52.562[1745757472562] | INFO  | main       | o.s.b.w.e.tomcat.TomcatWebServer     - Tomcat initialized with port 10001 (http)
2025-04-27 19:37:52.570[1745757472570] | INFO  | main       | o.a.coyote.http11.Http11NioProtocol  - Initializing ProtocolHandler ["http-nio-10001"]
2025-04-27 19:37:52.570[1745757472570] | INFO  | main       | o.a.catalina.core.StandardService    - Starting service [Tomcat]
2025-04-27 19:37:52.571[1745757472571] | INFO  | main       | o.a.catalina.core.StandardEngine     - Starting Servlet engine: [Apache Tomcat/10.1.40]
2025-04-27 19:37:52.589[1745757472589] | INFO  | main       | o.a.c.c.C.[Tomcat].[localhost].[/]   - Initializing Spring embedded WebApplicationContext
2025-04-27 19:37:52.589[1745757472589] | INFO  | main       | o.s.b.w.s.c.ServletWebServerApplicationContext - Root WebApplicationContext: initialization completed in 1220 ms
2025-04-27 19:37:53.243[1745757473243] | WARN  | main       | o.s.b.w.s.c.AnnotationConfigServletWebServerApplicationContext - Exception encountered during context initialization - cancelling refresh attempt: org.springframework.beans.factory.BeanCreationException: Error creating bean with name 'mqttClientFactory' defined in class path resource [org/exchange/conf/MqttConf.class]: Failed to instantiate [org.springframework.integration.mqtt.core.MqttPahoClientFactory]: Factory method 'mqttClientFactory' threw exception with message: URI path must be empty "tcp://localhost:18083/"
2025-04-27 19:37:53.245[1745757473245] | INFO  | main       | o.a.catalina.core.StandardService    - Stopping service [Tomcat]
2025-04-27 19:37:53.261[1745757473261] | INFO  | main       | o.s.b.a.l.ConditionEvaluationReportLogger - 

Error starting ApplicationContext. To display the condition evaluation report re-run your application with 'debug' enabled.
2025-04-27 19:37:53.274[1745757473274] | ERROR | main       | o.s.boot.SpringApplication           - Application run failed
org.springframework.beans.factory.BeanCreationException: Error creating bean with name 'mqttClientFactory' defined in class path resource [org/exchange/conf/MqttConf.class]: Failed to instantiate [org.springframework.integration.mqtt.core.MqttPahoClientFactory]: Factory method 'mqttClientFactory' threw exception with message: URI path must be empty "tcp://localhost:18083/"
	at org.springframework.beans.factory.support.ConstructorResolver.instantiate(ConstructorResolver.java:657)
	at org.springframework.beans.factory.support.ConstructorResolver.instantiateUsingFactoryMethod(ConstructorResolver.java:489)
	at org.springframework.beans.factory.support.AbstractAutowireCapableBeanFactory.instantiateUsingFactoryMethod(AbstractAutowireCapableBeanFactory.java:1367)
	at org.springframework.beans.factory.support.AbstractAutowireCapableBeanFactory.createBeanInstance(AbstractAutowireCapableBeanFactory.java:1197)
	at org.springframework.beans.factory.support.AbstractAutowireCapableBeanFactory.doCreateBean(AbstractAutowireCapableBeanFactory.java:569)
	at org.springframework.beans.factory.support.AbstractAutowireCapableBeanFactory.createBean(AbstractAutowireCapableBeanFactory.java:529)
	at org.springframework.beans.factory.support.AbstractBeanFactory.lambda$doGetBean$0(AbstractBeanFactory.java:339)
	at org.springframework.beans.factory.support.DefaultSingletonBeanRegistry.getSingleton(DefaultSingletonBeanRegistry.java:371)
	at org.springframework.beans.factory.support.AbstractBeanFactory.doGetBean(AbstractBeanFactory.java:337)
	at org.springframework.beans.factory.support.AbstractBeanFactory.getBean(AbstractBeanFactory.java:202)
	at org.springframework.beans.factory.support.DefaultListableBeanFactory.instantiateSingleton(DefaultListableBeanFactory.java:1221)
	at org.springframework.beans.factory.support.DefaultListableBeanFactory.preInstantiateSingleton(DefaultListableBeanFactory.java:1187)
	at org.springframework.beans.factory.support.DefaultListableBeanFactory.preInstantiateSingletons(DefaultListableBeanFactory.java:1122)
	at org.springframework.context.support.AbstractApplicationContext.finishBeanFactoryInitialization(AbstractApplicationContext.java:987)
	at org.springframework.context.support.AbstractApplicationContext.refresh(AbstractApplicationContext.java:627)
	at org.springframework.boot.web.servlet.context.ServletWebServerApplicationContext.refresh(ServletWebServerApplicationContext.java:146)
	at org.springframework.boot.SpringApplication.refresh(SpringApplication.java:753)
	at org.springframework.boot.SpringApplication.refreshContext(SpringApplication.java:439)
	at org.springframework.boot.SpringApplication.run(SpringApplication.java:318)
	at org.springframework.boot.SpringApplication.run(SpringApplication.java:1362)
	at org.springframework.boot.SpringApplication.run(SpringApplication.java:1351)
	at org.exchange.InputApplication.main(InputApplication.java:15)
	at java.base/jdk.internal.reflect.DirectMethodHandleAccessor.invoke(DirectMethodHandleAccessor.java:104)
	at java.base/java.lang.reflect.Method.invoke(Method.java:565)
	at org.springframework.boot.loader.launch.Launcher.launch(Launcher.java:102)
	at org.springframework.boot.loader.launch.Launcher.launch(Launcher.java:64)
	at org.springframework.boot.loader.launch.JarLauncher.main(JarLauncher.java:40)
Caused by: org.springframework.beans.BeanInstantiationException: Failed to instantiate [org.springframework.integration.mqtt.core.MqttPahoClientFactory]: Factory method 'mqttClientFactory' threw exception with message: URI path must be empty "tcp://localhost:18083/"
	at org.springframework.beans.factory.support.SimpleInstantiationStrategy.lambda$instantiate$0(SimpleInstantiationStrategy.java:199)
	at org.springframework.beans.factory.support.SimpleInstantiationStrategy.instantiateWithFactoryMethod(SimpleInstantiationStrategy.java:88)
	at org.springframework.beans.factory.support.SimpleInstantiationStrategy.instantiate(SimpleInstantiationStrategy.java:168)
	at org.springframework.beans.factory.support.ConstructorResolver.instantiate(ConstructorResolver.java:653)
	... 26 common frames omitted
Caused by: java.lang.IllegalArgumentException: URI path must be empty "tcp://localhost:18083/"
	at org.eclipse.paho.client.mqttv3.internal.TCPNetworkModuleFactory.validateURI(TCPNetworkModuleFactory.java:36)
	at org.eclipse.paho.client.mqttv3.internal.NetworkModuleService.validateURI(NetworkModuleService.java:69)
	at org.eclipse.paho.client.mqttv3.MqttConnectOptions.setServerURIs(MqttConnectOptions.java:589)
	at org.exchange.conf.MqttConf.mqttClientFactory(MqttConf.java:44)
	at java.base/jdk.internal.reflect.DirectMethodHandleAccessor.invoke(DirectMethodHandleAccessor.java:104)
	at java.base/java.lang.reflect.Method.invoke(Method.java:565)
	at org.springframework.beans.factory.support.SimpleInstantiationStrategy.lambda$instantiate$0(SimpleInstantiationStrategy.java:171)
	... 29 common frames omitted
2025-04-27 19:38:08.696[1745757488696] | INFO  | background-preinit | o.h.validator.internal.util.Version  - HV000001: Hibernate Validator 8.0.2.Final
2025-04-27 19:38:08.727[1745757488727] | INFO  | main       | org.exchange.InputApplication        - Starting InputApplication using Java 24.0.1 with PID 14156 (/Users/m1pro/IdeaProjects/binary-option/input/target/input-0.0.1-SNAPSHOT.jar started by m1pro in /Users/m1pro/IdeaProjects/binary-option)
2025-04-27 19:38:08.728[1745757488728] | INFO  | main       | org.exchange.InputApplication        - No active profile set, falling back to 1 default profile: "default"
2025-04-27 19:38:09.385[1745757489385] | INFO  | main       | o.s.d.r.c.RepositoryConfigurationDelegate - Multiple Spring Data modules found, entering strict repository configuration mode
2025-04-27 19:38:09.387[1745757489387] | INFO  | main       | o.s.d.r.c.RepositoryConfigurationDelegate - Bootstrapping Spring Data Redis repositories in DEFAULT mode.
2025-04-27 19:38:09.399[1745757489399] | INFO  | main       | o.s.d.r.c.RepositoryConfigurationDelegate - Finished Spring Data repository scanning in 3 ms. Found 0 Redis repository interfaces.
2025-04-27 19:38:09.459[1745757489459] | INFO  | main       | o.s.i.c.DefaultConfiguringBeanFactoryPostProcessor - No bean named 'errorChannel' has been explicitly defined. Therefore, a default PublishSubscribeChannel will be created.
2025-04-27 19:38:09.469[1745757489469] | INFO  | main       | o.s.i.c.DefaultConfiguringBeanFactoryPostProcessor - No bean named 'integrationHeaderChannelRegistry' has been explicitly defined. Therefore, a default DefaultHeaderChannelRegistry will be created.
2025-04-27 19:38:09.989[1745757489989] | INFO  | main       | o.s.b.w.e.tomcat.TomcatWebServer     - Tomcat initialized with port 10001 (http)
2025-04-27 19:38:09.999[1745757489999] | INFO  | main       | o.a.coyote.http11.Http11NioProtocol  - Initializing ProtocolHandler ["http-nio-10001"]
2025-04-27 19:38:09.999[1745757489999] | INFO  | main       | o.a.catalina.core.StandardService    - Starting service [Tomcat]
2025-04-27 19:38:10.000[1745757490000] | INFO  | main       | o.a.catalina.core.StandardEngine     - Starting Servlet engine: [Apache Tomcat/10.1.40]
2025-04-27 19:38:10.020[1745757490020] | INFO  | main       | o.a.c.c.C.[Tomcat].[localhost].[/]   - Initializing Spring embedded WebApplicationContext
2025-04-27 19:38:10.020[1745757490020] | INFO  | main       | o.s.b.w.s.c.ServletWebServerApplicationContext - Root WebApplicationContext: initialization completed in 1264 ms
2025-04-27 19:38:11.498[1745757491498] | INFO  | main       | o.s.b.a.e.web.EndpointLinksResolver  - Exposing 15 endpoints beneath base path '/actuator'
2025-04-27 19:38:11.607[1745757491607] | INFO  | main       | o.s.i.endpoint.EventDrivenConsumer   - Adding {logging-channel-adapter:_org.springframework.integration.errorLogger} as a subscriber to the 'errorChannel' channel
2025-04-27 19:38:11.607[1745757491607] | INFO  | main       | o.s.i.c.PublishSubscribeChannel      - Channel 'input.errorChannel' has 1 subscriber(s).
2025-04-27 19:38:11.607[1745757491607] | INFO  | main       | o.s.i.endpoint.EventDrivenConsumer   - started bean '_org.springframework.integration.errorLogger'
2025-04-27 19:38:11.607[1745757491607] | INFO  | main       | o.s.i.endpoint.EventDrivenConsumer   - Adding {message-handler:mqttOutbound.serviceActivator} as a subscriber to the 'mqttOutboundChannel' channel
2025-04-27 19:38:11.607[1745757491607] | INFO  | main       | o.s.i.channel.DirectChannel          - Channel 'input.mqttOutboundChannel' has 1 subscriber(s).
2025-04-27 19:38:11.607[1745757491607] | INFO  | main       | o.s.i.endpoint.EventDrivenConsumer   - started bean 'mqttOutbound.serviceActivator'
2025-04-27 19:38:11.607[1745757491607] | INFO  | main       | o.a.coyote.http11.Http11NioProtocol  - Starting ProtocolHandler ["http-nio-10001"]
2025-04-27 19:38:11.611[1745757491611] | INFO  | main       | o.s.b.w.e.tomcat.TomcatWebServer     - Tomcat started on port 10001 (http) with context path '/'
2025-04-27 19:38:11.637[1745757491637] | INFO  | main       | org.exchange.InputApplication        - Started InputApplication in 3.149 seconds (process running for 3.575)
2025-04-27 19:38:11.699[1745757491699] | WARN  | registrationTask1 | d.c.b.a.c.r.ApplicationRegistrator   - Failed to register application as Application(name=input, managementUrl=http://localhost:10001/actuator, healthUrl=http://localhost:10001/actuator/health, serviceUrl=http://localhost:10001/) at spring-boot-admin ([http://127.0.0.1:10000/instances]): I/O error on POST request for "http://127.0.0.1:10000/instances": null. Further attempts are logged on DEBUG level
org.springframework.web.client.ResourceAccessException: I/O error on POST request for "http://127.0.0.1:10000/instances": null
	at org.springframework.web.client.DefaultRestClient$DefaultRequestBodyUriSpec.createResourceAccessException(DefaultRestClient.java:697)
	at org.springframework.web.client.DefaultRestClient$DefaultRequestBodyUriSpec.exchangeInternal(DefaultRestClient.java:582)
	at org.springframework.web.client.DefaultRestClient$DefaultRequestBodyUriSpec.exchange(DefaultRestClient.java:533)
	at org.springframework.web.client.RestClient$RequestHeadersSpec.exchange(RestClient.java:680)
	at org.springframework.web.client.DefaultRestClient$DefaultResponseSpec.executeAndExtract(DefaultRestClient.java:814)
	at org.springframework.web.client.DefaultRestClient$DefaultResponseSpec.body(DefaultRestClient.java:758)
	at de.codecentric.boot.admin.client.registration.RestClientRegistrationClient.register(RestClientRegistrationClient.java:45)
	at de.codecentric.boot.admin.client.registration.DefaultApplicationRegistrator.register(DefaultApplicationRegistrator.java:80)
	at de.codecentric.boot.admin.client.registration.DefaultApplicationRegistrator.register(DefaultApplicationRegistrator.java:61)
	at org.springframework.scheduling.support.DelegatingErrorHandlingRunnable.run(DelegatingErrorHandlingRunnable.java:54)
	at java.base/java.util.concurrent.Executors$RunnableAdapter.call(Executors.java:545)
	at java.base/java.util.concurrent.FutureTask.runAndReset(FutureTask.java:369)
	at java.base/java.util.concurrent.ScheduledThreadPoolExecutor$ScheduledFutureTask.run(ScheduledThreadPoolExecutor.java:310)
	at java.base/java.util.concurrent.ThreadPoolExecutor.runWorker(ThreadPoolExecutor.java:1095)
	at java.base/java.util.concurrent.ThreadPoolExecutor$Worker.run(ThreadPoolExecutor.java:619)
	at java.base/java.lang.Thread.run(Thread.java:1447)
Caused by: java.net.ConnectException: null
	at java.net.http/jdk.internal.net.http.common.Utils.toConnectException(Utils.java:1046)
	at java.net.http/jdk.internal.net.http.PlainHttpConnection.connectAsync(PlainHttpConnection.java:215)
	at java.net.http/jdk.internal.net.http.PlainHttpConnection.checkRetryConnect(PlainHttpConnection.java:268)
	at java.net.http/jdk.internal.net.http.PlainHttpConnection.lambda$connectAsync$0(PlainHttpConnection.java:226)
	at java.base/java.util.concurrent.CompletableFuture.uniHandle(CompletableFuture.java:980)
	at java.base/java.util.concurrent.CompletableFuture$UniHandle.tryFire(CompletableFuture.java:957)
	at java.base/java.util.concurrent.CompletableFuture.postComplete(CompletableFuture.java:556)
	at java.base/java.util.concurrent.CompletableFuture$AsyncSupply.run(CompletableFuture.java:1819)
	... 3 common frames omitted
Caused by: java.nio.channels.ClosedChannelException: null
	at java.base/sun.nio.ch.SocketChannelImpl.ensureOpen(SocketChannelImpl.java:204)
	at java.base/sun.nio.ch.SocketChannelImpl.connect(SocketChannelImpl.java:942)
	at java.net.http/jdk.internal.net.http.PlainHttpConnection.connectAsync(PlainHttpConnection.java:203)
	... 9 common frames omitted
2025-04-27 19:38:20.403[1745757500403] | INFO  | SpringApplicationShutdownHook | o.s.b.w.e.tomcat.GracefulShutdown    - Commencing graceful shutdown. Waiting for active requests to complete
2025-04-27 19:38:20.405[1745757500405] | INFO  | tomcat-shutdown | o.s.b.w.e.tomcat.GracefulShutdown    - Graceful shutdown complete
2025-04-27 19:38:20.405[1745757500405] | INFO  | SpringApplicationShutdownHook | o.s.i.endpoint.EventDrivenConsumer   - Removing {message-handler:mqttOutbound.serviceActivator} as a subscriber to the 'mqttOutboundChannel' channel
2025-04-27 19:38:20.405[1745757500405] | INFO  | SpringApplicationShutdownHook | o.s.i.channel.DirectChannel          - Channel 'input.mqttOutboundChannel' has 0 subscriber(s).
2025-04-27 19:38:20.405[1745757500405] | INFO  | SpringApplicationShutdownHook | o.s.i.endpoint.EventDrivenConsumer   - stopped bean 'mqttOutbound.serviceActivator'
2025-04-27 19:38:20.410[1745757500410] | INFO  | SpringApplicationShutdownHook | o.s.i.endpoint.EventDrivenConsumer   - Removing {logging-channel-adapter:_org.springframework.integration.errorLogger} as a subscriber to the 'errorChannel' channel
2025-04-27 19:38:20.410[1745757500410] | INFO  | SpringApplicationShutdownHook | o.s.i.c.PublishSubscribeChannel      - Channel 'input.errorChannel' has 0 subscriber(s).
2025-04-27 19:38:20.410[1745757500410] | INFO  | SpringApplicationShutdownHook | o.s.i.endpoint.EventDrivenConsumer   - stopped bean '_org.springframework.integration.errorLogger'
